<?xml version="1.0" encoding="UTF-8"?>
<testsuites name="Amazon_Test Suite" time="778.67" tests="6" failures="0" errors="0">
   <testsuite name="Amazon_Test Suite" tests="6" failures="0" errors="0" time="778.67" skipped="0" timestamp="27-01-2024T12:30:36" hostname="Harini - DESKTOP-08P78B5" id="Test Suites/Amazon_Validation/Amazon_Test Suite">
      <properties>
         <property name="deviceName" value=""/>
         <property name="devicePlatform" value=""/>
         <property name="logFolder" value="C:\\Users\\Harini\\Katalon Studio\\Katalon_VIP_Amazon_Application_Testing\\Reports\\20240127_123021\\Amazon_Validation\\Amazon_Test Suite\\20240127_123023"/>
         <property name="logFiles" value="C:\\Users\\Harini\\Katalon Studio\\Katalon_VIP_Amazon_Application_Testing\\Reports\\20240127_123021\\Amazon_Validation\\Amazon_Test Suite\\20240127_123023\\execution0.log"/>
         <property name="attachments" value="C:\\Users\\Harini\\Katalon Studio\\Katalon_VIP_Amazon_Application_Testing\\Reports\\20240127_123021\\Amazon_Validation\\Amazon_Test Suite\\20240127_123023\\1706339170960.png"/>
         <property name="hostName" value="Harini - DESKTOP-08P78B5"/>
         <property name="os" value="Windows 11 64bit"/>
         <property name="katalonVersion" value="9.1.0.212"/>
         <property name="browser" value="Chrome 120.0.0.0"/>
         <property name="hostAddress" value="192.168.1.40"/>
         <property name="sessionId" value="af8caa3a2500bbae0c01c57791a09dc9"/>
         <property name="seleniumVersion" value="3.141.59"/>
         <property name="proxyInformation" value="ProxyInformation { proxyOption=NO_PROXY, proxyServerType=HTTP, username=, password=********, proxyServerAddress=, proxyServerPort=0, executionList=&quot;&quot;, isApplyToDesiredCapabilities=true }"/>
         <property name="platform" value="Windows 11"/>
      </properties>
      <testcase name="Test Cases/TC_Amazon_Validation/TC_Amazon_Registration_001" time="107.939" classname="Test Cases/TC_Amazon_Validation/TC_Amazon_Registration_001" status="PASSED">
         <system-out><![CDATA[27-01-2024T12:30:37 - [TEST_CASE][PASSED] - Test Cases/TC_Amazon_Validation/TC_Amazon_Registration_001: Test Cases/TC_Amazon_Validation/TC_Amazon_Registration_001

27-01-2024T12:30:38 - [TEST_STEP][PASSED] - openBrowser(""): Browser is opened with url: ''

27-01-2024T12:30:38 - [MESSAGE][INFO] - Starting 'Chrome' driver

27-01-2024T12:30:39 - [MESSAGE][INFO] - Action delay is set to 0 milliseconds

27-01-2024T12:30:44 - [MESSAGE][PASSED] - Browser is opened with url: ''

27-01-2024T12:30:44 - [TEST_STEP][PASSED] - navigateToUrl("https://www.amazon.com/"): Navigate to 'https://www.amazon.com/' successfully

27-01-2024T12:31:21 - [MESSAGE][PASSED] - Navigate to 'https://www.amazon.com/' successfully

27-01-2024T12:31:21 - [TEST_STEP][PASSED] - maximizeWindow(): Current window maximized

27-01-2024T12:31:22 - [MESSAGE][PASSED] - Current window maximized

27-01-2024T12:31:22 - [TEST_STEP][PASSED] - click(findTestObject("Object Repository/Amazon_Registration_OR/Page_Amazon.com. Spend less. Smile more/span_Hello, sign in")): Object: 'Object Repository/Amazon_Registration_OR/Page_Amazon.com. Spend less. Smile more/span_Hello, sign in' is clicked on

27-01-2024T12:32:11 - [MESSAGE][PASSED] - Object: 'Object Repository/Amazon_Registration_OR/Page_Amazon.com. Spend less. Smile more/span_Hello, sign in' is clicked on

27-01-2024T12:32:11 - [TEST_STEP][PASSED] - click(findTestObject("Object Repository/Amazon_Registration_OR/Page_Amazon Sign-In/a_Create your Amazon account")): Object: 'Object Repository/Amazon_Registration_OR/Page_Amazon Sign-In/a_Create your Amazon account' is clicked on

27-01-2024T12:32:17 - [MESSAGE][PASSED] - Object: 'Object Repository/Amazon_Registration_OR/Page_Amazon Sign-In/a_Create your Amazon account' is clicked on

27-01-2024T12:32:17 - [TEST_STEP][PASSED] - setText(findTestObject("Object Repository/Amazon_Registration_OR/Page_Amazon Registration/input_customerName"), "Nitheeshaaa"): Text 'Nitheeshaaa' is set on object 'Object Repository/Amazon_Registration_OR/Page_Amazon Registration/input_customerName'

27-01-2024T12:32:18 - [MESSAGE][PASSED] - Text 'Nitheeshaaa' is set on object 'Object Repository/Amazon_Registration_OR/Page_Amazon Registration/input_customerName'

27-01-2024T12:32:18 - [TEST_STEP][PASSED] - setText(findTestObject("Object Repository/Amazon_Registration_OR/Page_Amazon Registration/input_email"), "6302737617"): Text '6302737617' is set on object 'Object Repository/Amazon_Registration_OR/Page_Amazon Registration/input_email'

27-01-2024T12:32:20 - [MESSAGE][PASSED] - Text '6302737617' is set on object 'Object Repository/Amazon_Registration_OR/Page_Amazon Registration/input_email'

27-01-2024T12:32:20 - [TEST_STEP][PASSED] - click(findTestObject("Object Repository/Amazon_Registration_OR/Page_Amazon Registration/span_US 1")): Object: 'Object Repository/Amazon_Registration_OR/Page_Amazon Registration/span_US 1' is clicked on

27-01-2024T12:32:20 - [MESSAGE][PASSED] - Object: 'Object Repository/Amazon_Registration_OR/Page_Amazon Registration/span_US 1' is clicked on

27-01-2024T12:32:20 - [TEST_STEP][PASSED] - click(findTestObject("Object Repository/Amazon_Registration_OR/Page_Amazon Registration/a_India 91")): Object: 'Object Repository/Amazon_Registration_OR/Page_Amazon Registration/a_India 91' is clicked on

27-01-2024T12:32:21 - [MESSAGE][PASSED] - Object: 'Object Repository/Amazon_Registration_OR/Page_Amazon Registration/a_India 91' is clicked on

27-01-2024T12:32:21 - [TEST_STEP][PASSED] - setEncryptedText(findTestObject("Object Repository/Amazon_Registration_OR/Page_Amazon Registration/input_password"), "J8q1Kij5A04="): Text ****** has been set on object 'Object Repository/Amazon_Registration_OR/Page_Amazon Registration/input_password'

27-01-2024T12:32:21 - [MESSAGE][PASSED] - Text ****** has been set on object 'Object Repository/Amazon_Registration_OR/Page_Amazon Registration/input_password'

27-01-2024T12:32:21 - [TEST_STEP][PASSED] - setEncryptedText(findTestObject("Object Repository/Amazon_Registration_OR/Page_Amazon Registration/input_passwordCheck"), "J8q1Kij5A04="): Text ****** has been set on object 'Object Repository/Amazon_Registration_OR/Page_Amazon Registration/input_passwordCheck'

27-01-2024T12:32:22 - [MESSAGE][PASSED] - Text ****** has been set on object 'Object Repository/Amazon_Registration_OR/Page_Amazon Registration/input_passwordCheck'

27-01-2024T12:32:23 - [TEST_STEP][PASSED] - click(findTestObject("Object Repository/Amazon_Registration_OR/Page_Amazon Registration/inputcontinue")): Object: 'Object Repository/Amazon_Registration_OR/Page_Amazon Registration/inputcontinue' is clicked on

27-01-2024T12:32:24 - [MESSAGE][PASSED] - Object: 'Object Repository/Amazon_Registration_OR/Page_Amazon Registration/inputcontinue' is clicked on

27-01-2024T12:32:24 - [TEST_STEP][PASSED] - closeBrowser(): Browser is closed

27-01-2024T12:32:25 - [MESSAGE][PASSED] - Browser is closed]]></system-out>
         <system-err><![CDATA[]]></system-err>
      </testcase>
      <testcase name="Test Cases/TC_Amazon_Validation/TC_Amazon_Sign In_002" time="69.446" classname="Test Cases/TC_Amazon_Validation/TC_Amazon_Sign In_002" status="PASSED">
         <system-out><![CDATA[27-01-2024T12:32:25 - [TEST_CASE][PASSED] - Test Cases/TC_Amazon_Validation/TC_Amazon_Sign In_002: Test Cases/TC_Amazon_Validation/TC_Amazon_Sign In_002

27-01-2024T12:32:25 - [TEST_STEP][PASSED] - openBrowser(""): Browser is opened with url: ''

27-01-2024T12:32:25 - [MESSAGE][INFO] - Starting 'Chrome' driver

27-01-2024T12:32:25 - [MESSAGE][INFO] - Action delay is set to 0 milliseconds

27-01-2024T12:32:28 - [MESSAGE][PASSED] - Browser is opened with url: ''

27-01-2024T12:32:29 - [TEST_STEP][PASSED] - navigateToUrl("https://www.amazon.com/"): Navigate to 'https://www.amazon.com/' successfully

27-01-2024T12:32:54 - [MESSAGE][PASSED] - Navigate to 'https://www.amazon.com/' successfully

27-01-2024T12:32:54 - [TEST_STEP][PASSED] - maximizeWindow(): Current window maximized

27-01-2024T12:32:54 - [MESSAGE][PASSED] - Current window maximized

27-01-2024T12:32:54 - [TEST_STEP][PASSED] - click(findTestObject("Object Repository/Amazon_Sign In_OR/Page_Amazon.com. Spend less. Smile more/span_Hello, sign in")): Object: 'Object Repository/Amazon_Sign In_OR/Page_Amazon.com. Spend less. Smile more/span_Hello, sign in' is clicked on

27-01-2024T12:32:59 - [MESSAGE][PASSED] - Object: 'Object Repository/Amazon_Sign In_OR/Page_Amazon.com. Spend less. Smile more/span_Hello, sign in' is clicked on

27-01-2024T12:32:59 - [TEST_STEP][PASSED] - setText(findTestObject("Object Repository/Amazon_Sign In_OR/Page_Amazon Sign-In/input_email"), "nitheeshaboggavarapu@gmail.com"): Text 'nitheeshaboggavarapu@gmail.com' is set on object 'Object Repository/Amazon_Sign In_OR/Page_Amazon Sign-In/input_email'

27-01-2024T12:33:00 - [MESSAGE][PASSED] - Text 'nitheeshaboggavarapu@gmail.com' is set on object 'Object Repository/Amazon_Sign In_OR/Page_Amazon Sign-In/input_email'

27-01-2024T12:33:00 - [TEST_STEP][PASSED] - click(findTestObject("Object Repository/Amazon_Sign In_OR/Page_Amazon Sign-In/inputcontinue")): Object: 'Object Repository/Amazon_Sign In_OR/Page_Amazon Sign-In/inputcontinue' is clicked on

27-01-2024T12:33:24 - [MESSAGE][PASSED] - Object: 'Object Repository/Amazon_Sign In_OR/Page_Amazon Sign-In/inputcontinue' is clicked on

27-01-2024T12:33:24 - [TEST_STEP][PASSED] - setEncryptedText(findTestObject("Object Repository/Amazon_Sign In_OR/Page_Amazon Sign-In/input_password"), "nRJItQ52hW9bpRr794Hihg=="): Text ****** has been set on object 'Object Repository/Amazon_Sign In_OR/Page_Amazon Sign-In/input_password'

27-01-2024T12:33:25 - [MESSAGE][PASSED] - Text ****** has been set on object 'Object Repository/Amazon_Sign In_OR/Page_Amazon Sign-In/input_password'

27-01-2024T12:33:25 - [TEST_STEP][PASSED] - click(findTestObject("Object Repository/Amazon_Sign In_OR/Page_Amazon Sign-In/inputsignInSubmit")): Object: 'Object Repository/Amazon_Sign In_OR/Page_Amazon Sign-In/inputsignInSubmit' is clicked on

27-01-2024T12:33:26 - [MESSAGE][PASSED] - Object: 'Object Repository/Amazon_Sign In_OR/Page_Amazon Sign-In/inputsignInSubmit' is clicked on

27-01-2024T12:33:26 - [TEST_STEP][PASSED] - closeBrowser(): Browser is closed

27-01-2024T12:33:34 - [MESSAGE][PASSED] - Browser is closed]]></system-out>
         <system-err><![CDATA[]]></system-err>
      </testcase>
      <testcase name="Test Cases/TC_Amazon_Validation/TC_Amazon_Search_003" time="108.55" classname="Test Cases/TC_Amazon_Validation/TC_Amazon_Search_003" status="PASSED">
         <system-out><![CDATA[27-01-2024T12:33:34 - [TEST_CASE][PASSED] - Test Cases/TC_Amazon_Validation/TC_Amazon_Search_003: Test Cases/TC_Amazon_Validation/TC_Amazon_Search_003

27-01-2024T12:33:34 - [TEST_STEP][PASSED] - openBrowser(""): Browser is opened with url: ''

27-01-2024T12:33:34 - [MESSAGE][INFO] - Starting 'Chrome' driver

27-01-2024T12:33:34 - [MESSAGE][INFO] - Action delay is set to 0 milliseconds

27-01-2024T12:33:36 - [MESSAGE][PASSED] - Browser is opened with url: ''

27-01-2024T12:33:36 - [TEST_STEP][PASSED] - navigateToUrl("https://www.amazon.com/"): Navigate to 'https://www.amazon.com/' successfully

27-01-2024T12:33:47 - [MESSAGE][PASSED] - Navigate to 'https://www.amazon.com/' successfully

27-01-2024T12:33:47 - [TEST_STEP][PASSED] - maximizeWindow(): Current window maximized

27-01-2024T12:33:47 - [MESSAGE][PASSED] - Current window maximized

27-01-2024T12:33:47 - [TEST_STEP][PASSED] - selectOptionByValue(findTestObject("Object Repository/Amazon_Search_OR/Page_Amazon.com. Spend less. Smile more/select_All Departments        Arts  Crafts _135c92"), "search-alias=baby-products-intl-ship", true): All options with value 'search-alias=baby-products-intl-ship' are selected in object 'Object Repository/Amazon_Search_OR/Page_Amazon.com. Spend less. Smile more/select_All Departments        Arts  Crafts _135c92'  using regular expression

27-01-2024T12:34:28 - [MESSAGE][PASSED] - All options with value 'search-alias=baby-products-intl-ship' are selected in object 'Object Repository/Amazon_Search_OR/Page_Amazon.com. Spend less. Smile more/select_All Departments        Arts  Crafts _135c92'  using regular expression

27-01-2024T12:34:28 - [TEST_STEP][PASSED] - setText(findTestObject("Object Repository/Amazon_Search_OR/Page_Amazon.com. Spend less. Smile more/input_field-keywords"), "Stroller"): Text 'Stroller' is set on object 'Object Repository/Amazon_Search_OR/Page_Amazon.com. Spend less. Smile more/input_field-keywords'

27-01-2024T12:34:37 - [MESSAGE][PASSED] - Text 'Stroller' is set on object 'Object Repository/Amazon_Search_OR/Page_Amazon.com. Spend less. Smile more/input_field-keywords'

27-01-2024T12:34:37 - [TEST_STEP][PASSED] - click(findTestObject("Object Repository/Amazon_Search_OR/Page_Amazon.com. Spend less. Smile more/inputnav-search-submit-button")): Object: 'Object Repository/Amazon_Search_OR/Page_Amazon.com. Spend less. Smile more/inputnav-search-submit-button' is clicked on

27-01-2024T12:35:17 - [MESSAGE][PASSED] - Object: 'Object Repository/Amazon_Search_OR/Page_Amazon.com. Spend less. Smile more/inputnav-search-submit-button' is clicked on

27-01-2024T12:35:17 - [TEST_STEP][PASSED] - closeBrowser(): Browser is closed

27-01-2024T12:35:23 - [MESSAGE][PASSED] - Browser is closed]]></system-out>
         <system-err><![CDATA[]]></system-err>
      </testcase>
      <testcase name="Test Cases/TC_Amazon_Validation/TC_Amazon_Add to Cart_004" time="236.72" classname="Test Cases/TC_Amazon_Validation/TC_Amazon_Add to Cart_004" status="PASSED">
         <system-out><![CDATA[27-01-2024T12:36:11 - [TEST_CASE][PASSED] - Test Cases/TC_Amazon_Validation/TC_Amazon_Add to Cart_004: Test Cases/TC_Amazon_Validation/TC_Amazon_Add to Cart_004

27-01-2024T12:36:11 - [TEST_STEP][PASSED] - openBrowser(""): Browser is opened with url: ''

27-01-2024T12:36:11 - [MESSAGE][WARNING] - A browser is already opened. Closing browser and opening a new one

27-01-2024T12:36:11 - [MESSAGE][INFO] - Starting 'Chrome' driver

27-01-2024T12:36:11 - [MESSAGE][INFO] - Action delay is set to 0 milliseconds

27-01-2024T12:36:12 - [MESSAGE][PASSED] - Browser is opened with url: ''

27-01-2024T12:36:12 - [TEST_STEP][PASSED] - navigateToUrl("https://www.amazon.com/"): Navigate to 'https://www.amazon.com/' successfully

27-01-2024T12:36:23 - [MESSAGE][PASSED] - Navigate to 'https://www.amazon.com/' successfully

27-01-2024T12:36:23 - [TEST_STEP][PASSED] - maximizeWindow(): Current window maximized

27-01-2024T12:36:24 - [MESSAGE][PASSED] - Current window maximized

27-01-2024T12:36:24 - [TEST_STEP][PASSED] - selectOptionByValue(findTestObject("Object Repository/Amazon_Add to Cart_OR/Page_Amazon.com. Spend less. Smile more/select_All Departments        Arts  Crafts _135c92"), "search-alias=electronics-intl-ship", true): All options with value 'search-alias=electronics-intl-ship' are selected in object 'Object Repository/Amazon_Add to Cart_OR/Page_Amazon.com. Spend less. Smile more/select_All Departments        Arts  Crafts _135c92'  using regular expression

27-01-2024T12:37:56 - [MESSAGE][PASSED] - All options with value 'search-alias=electronics-intl-ship' are selected in object 'Object Repository/Amazon_Add to Cart_OR/Page_Amazon.com. Spend less. Smile more/select_All Departments        Arts  Crafts _135c92'  using regular expression

27-01-2024T12:37:56 - [TEST_STEP][PASSED] - setText(findTestObject("Object Repository/Amazon_Add to Cart_OR/Page_Amazon.com. Spend less. Smile more/input_field-keywords"), "Mouse"): Text 'Mouse' is set on object 'Object Repository/Amazon_Add to Cart_OR/Page_Amazon.com. Spend less. Smile more/input_field-keywords'

27-01-2024T12:38:57 - [MESSAGE][PASSED] - Text 'Mouse' is set on object 'Object Repository/Amazon_Add to Cart_OR/Page_Amazon.com. Spend less. Smile more/input_field-keywords'

27-01-2024T12:38:57 - [TEST_STEP][PASSED] - click(findTestObject("Object Repository/Amazon_Add to Cart_OR/Page_Amazon.com. Spend less. Smile more/inputnav-search-submit-button")): Object: 'Object Repository/Amazon_Add to Cart_OR/Page_Amazon.com. Spend less. Smile more/inputnav-search-submit-button' is clicked on

27-01-2024T12:39:38 - [MESSAGE][PASSED] - Object: 'Object Repository/Amazon_Add to Cart_OR/Page_Amazon.com. Spend less. Smile more/inputnav-search-submit-button' is clicked on

27-01-2024T12:39:38 - [TEST_STEP][PASSED] - click(findTestObject("Object Repository/Amazon_Add to Cart_OR/Page_Amazon.com  Mouse/span_Amazon Basics 2.4 Ghz Wireless Optical_dbf87c")): Object: 'Object Repository/Amazon_Add to Cart_OR/Page_Amazon.com  Mouse/span_Amazon Basics 2.4 Ghz Wireless Optical_dbf87c' is clicked on

27-01-2024T12:39:49 - [MESSAGE][PASSED] - Object: 'Object Repository/Amazon_Add to Cart_OR/Page_Amazon.com  Mouse/span_Amazon Basics 2.4 Ghz Wireless Optical_dbf87c' is clicked on

27-01-2024T12:39:49 - [TEST_STEP][PASSED] - click(findTestObject("Object Repository/Amazon_Add to Cart_OR/Page_Amazon.com Amazon Basics 2.4 Ghz Wirel_3fd674/span_Quantity1")): Object: 'Object Repository/Amazon_Add to Cart_OR/Page_Amazon.com Amazon Basics 2.4 Ghz Wirel_3fd674/span_Quantity1' is clicked on

27-01-2024T12:39:54 - [MESSAGE][PASSED] - Object: 'Object Repository/Amazon_Add to Cart_OR/Page_Amazon.com Amazon Basics 2.4 Ghz Wirel_3fd674/span_Quantity1' is clicked on

27-01-2024T12:39:54 - [TEST_STEP][PASSED] - click(findTestObject("Object Repository/Amazon_Add to Cart_OR/Page_Amazon.com Amazon Basics 2.4 Ghz Wirel_3fd674/a_5")): Object: 'Object Repository/Amazon_Add to Cart_OR/Page_Amazon.com Amazon Basics 2.4 Ghz Wirel_3fd674/a_5' is clicked on

27-01-2024T12:39:55 - [MESSAGE][PASSED] - Object: 'Object Repository/Amazon_Add to Cart_OR/Page_Amazon.com Amazon Basics 2.4 Ghz Wirel_3fd674/a_5' is clicked on

27-01-2024T12:39:55 - [TEST_STEP][PASSED] - click(findTestObject("Object Repository/Amazon_Add to Cart_OR/Page_Amazon.com Amazon Basics 2.4 Ghz Wirel_3fd674/input_gift-wrap")): Object: 'Object Repository/Amazon_Add to Cart_OR/Page_Amazon.com Amazon Basics 2.4 Ghz Wirel_3fd674/input_gift-wrap' is clicked on

27-01-2024T12:39:57 - [MESSAGE][PASSED] - Object: 'Object Repository/Amazon_Add to Cart_OR/Page_Amazon.com Amazon Basics 2.4 Ghz Wirel_3fd674/input_gift-wrap' is clicked on

27-01-2024T12:39:57 - [TEST_STEP][PASSED] - click(findTestObject("Object Repository/Amazon_Add to Cart_OR/Page_Amazon.com Amazon Basics 2.4 Ghz Wirel_3fd674/input_submit.add-to-cart")): Object: 'Object Repository/Amazon_Add to Cart_OR/Page_Amazon.com Amazon Basics 2.4 Ghz Wirel_3fd674/input_submit.add-to-cart' is clicked on

27-01-2024T12:40:01 - [MESSAGE][PASSED] - Object: 'Object Repository/Amazon_Add to Cart_OR/Page_Amazon.com Amazon Basics 2.4 Ghz Wirel_3fd674/input_submit.add-to-cart' is clicked on

27-01-2024T12:40:01 - [TEST_STEP][PASSED] - closeBrowser(): Browser is closed

27-01-2024T12:40:07 - [MESSAGE][PASSED] - Browser is closed]]></system-out>
         <system-err><![CDATA[]]></system-err>
      </testcase>
      <testcase name="Test Cases/TC_Amazon_Validation/TC_Amazon_Orders_005" time="131.362" classname="Test Cases/TC_Amazon_Validation/TC_Amazon_Orders_005" status="PASSED">
         <system-out><![CDATA[27-01-2024T12:40:07 - [TEST_CASE][PASSED] - Test Cases/TC_Amazon_Validation/TC_Amazon_Orders_005: Test Cases/TC_Amazon_Validation/TC_Amazon_Orders_005

27-01-2024T12:40:08 - [TEST_STEP][PASSED] - openBrowser(""): Browser is opened with url: ''

27-01-2024T12:40:08 - [MESSAGE][INFO] - Starting 'Chrome' driver

27-01-2024T12:40:08 - [MESSAGE][INFO] - Action delay is set to 0 milliseconds

27-01-2024T12:40:15 - [MESSAGE][PASSED] - Browser is opened with url: ''

27-01-2024T12:40:15 - [TEST_STEP][PASSED] - navigateToUrl("https://www.amazon.com/"): Navigate to 'https://www.amazon.com/' successfully

27-01-2024T12:40:58 - [MESSAGE][PASSED] - Navigate to 'https://www.amazon.com/' successfully

27-01-2024T12:40:58 - [TEST_STEP][PASSED] - click(findTestObject("Object Repository/Amazon_Orders_OR/Page_Amazon.com. Spend less. Smile more/span_nav-cart-icon nav-sprite")): Object: 'Object Repository/Amazon_Orders_OR/Page_Amazon.com. Spend less. Smile more/span_nav-cart-icon nav-sprite' is clicked on

27-01-2024T12:41:42 - [MESSAGE][PASSED] - Object: 'Object Repository/Amazon_Orders_OR/Page_Amazon.com. Spend less. Smile more/span_nav-cart-icon nav-sprite' is clicked on

27-01-2024T12:41:42 - [TEST_STEP][PASSED] - click(findTestObject("Object Repository/Amazon_Orders_OR/Page_Amazon.com Shopping Cart/span_Sign in to your account")): Object: 'Object Repository/Amazon_Orders_OR/Page_Amazon.com Shopping Cart/span_Sign in to your account' is clicked on

27-01-2024T12:41:56 - [MESSAGE][PASSED] - Object: 'Object Repository/Amazon_Orders_OR/Page_Amazon.com Shopping Cart/span_Sign in to your account' is clicked on

27-01-2024T12:41:56 - [TEST_STEP][PASSED] - setText(findTestObject("Object Repository/Amazon_Orders_OR/Page_Amazon Sign-In/input_email"), "nitheeshaboggavarapu@gmail.com"): Text 'nitheeshaboggavarapu@gmail.com' is set on object 'Object Repository/Amazon_Orders_OR/Page_Amazon Sign-In/input_email'

27-01-2024T12:41:57 - [MESSAGE][PASSED] - Text 'nitheeshaboggavarapu@gmail.com' is set on object 'Object Repository/Amazon_Orders_OR/Page_Amazon Sign-In/input_email'

27-01-2024T12:41:57 - [TEST_STEP][PASSED] - click(findTestObject("Object Repository/Amazon_Orders_OR/Page_Amazon Sign-In/inputcontinue")): Object: 'Object Repository/Amazon_Orders_OR/Page_Amazon Sign-In/inputcontinue' is clicked on

27-01-2024T12:42:06 - [MESSAGE][PASSED] - Object: 'Object Repository/Amazon_Orders_OR/Page_Amazon Sign-In/inputcontinue' is clicked on

27-01-2024T12:42:06 - [TEST_STEP][PASSED] - setEncryptedText(findTestObject("Object Repository/Amazon_Orders_OR/Page_Amazon Sign-In/input_password"), "nRJItQ52hW9bpRr794Hihg=="): Text ****** has been set on object 'Object Repository/Amazon_Orders_OR/Page_Amazon Sign-In/input_password'

27-01-2024T12:42:07 - [MESSAGE][PASSED] - Text ****** has been set on object 'Object Repository/Amazon_Orders_OR/Page_Amazon Sign-In/input_password'

27-01-2024T12:42:07 - [TEST_STEP][PASSED] - click(findTestObject("Object Repository/Amazon_Orders_OR/Page_Amazon Sign-In/inputsignInSubmit")): Object: 'Object Repository/Amazon_Orders_OR/Page_Amazon Sign-In/inputsignInSubmit' is clicked on

27-01-2024T12:42:08 - [MESSAGE][PASSED] - Object: 'Object Repository/Amazon_Orders_OR/Page_Amazon Sign-In/inputsignInSubmit' is clicked on

27-01-2024T12:42:08 - [TEST_STEP][PASSED] - click(findTestObject("Object Repository/Amazon_Orders_OR/Page_Amazon.com Shopping Cart/input_proceedToRetailCheckout")): Object: 'Object Repository/Amazon_Orders_OR/Page_Amazon.com Shopping Cart/input_proceedToRetailCheckout' is clicked on

27-01-2024T12:42:18 - [MESSAGE][PASSED] - Object: 'Object Repository/Amazon_Orders_OR/Page_Amazon.com Shopping Cart/input_proceedToRetailCheckout' is clicked on

27-01-2024T12:42:18 - [TEST_STEP][PASSED] - closeBrowser(): Browser is closed

27-01-2024T12:42:19 - [MESSAGE][PASSED] - Browser is closed]]></system-out>
         <system-err><![CDATA[]]></system-err>
      </testcase>
      <testcase name="Test Cases/TC_Amazon_Validation/TC_Amazon_Search_DD" time="76.225" classname="Test Cases/TC_Amazon_Validation/TC_Amazon_Search_DD" status="PASSED">
         <system-out><![CDATA[27-01-2024T12:42:19 - [TEST_CASE][PASSED] - Test Cases/TC_Amazon_Validation/TC_Amazon_Search_DD: Test Cases/TC_Amazon_Validation/TC_Amazon_Search_DD

27-01-2024T12:42:19 - [TEST_STEP][PASSED] - openBrowser(""): Browser is opened with url: ''

27-01-2024T12:42:19 - [MESSAGE][INFO] - Starting 'Chrome' driver

27-01-2024T12:42:19 - [MESSAGE][INFO] - Action delay is set to 0 milliseconds

27-01-2024T12:42:21 - [MESSAGE][PASSED] - Browser is opened with url: ''

27-01-2024T12:42:21 - [TEST_STEP][PASSED] - navigateToUrl("https://www.amazon.com/"): Navigate to 'https://www.amazon.com/' successfully

27-01-2024T12:42:30 - [MESSAGE][PASSED] - Navigate to 'https://www.amazon.com/' successfully

27-01-2024T12:42:30 - [TEST_STEP][PASSED] - maximizeWindow(): Current window maximized

27-01-2024T12:42:30 - [MESSAGE][PASSED] - Current window maximized

27-01-2024T12:42:30 - [TEST_STEP][PASSED] - selectOptionByIndex(findTestObject("Amazon_Validation_Drop Down/Page_Amazon.com. Spend less. Smile more/Category Element"), 5): All options with index in [5] are selected on object 'Object Repository/Amazon_Validation_Drop Down/Page_Amazon.com. Spend less. Smile more/Category Element'

27-01-2024T12:42:44 - [MESSAGE][PASSED] - All options with index in [5] are selected on object 'Object Repository/Amazon_Validation_Drop Down/Page_Amazon.com. Spend less. Smile more/Category Element'

27-01-2024T12:42:44 - [TEST_STEP][PASSED] - setText(findTestObject("Object Repository/Amazon_Validation_Drop Down/Page_Amazon.com. Spend less. Smile more/input_field-keywords"), "Wings of Fire"): Text 'Wings of Fire' is set on object 'Object Repository/Amazon_Validation_Drop Down/Page_Amazon.com. Spend less. Smile more/input_field-keywords'

27-01-2024T12:42:46 - [MESSAGE][PASSED] - Text 'Wings of Fire' is set on object 'Object Repository/Amazon_Validation_Drop Down/Page_Amazon.com. Spend less. Smile more/input_field-keywords'

27-01-2024T12:42:46 - [TEST_STEP][PASSED] - click(findTestObject("Object Repository/Amazon_Validation_Drop Down/Page_Amazon.com. Spend less. Smile more/inputnav-search-submit-button")): Object: 'Object Repository/Amazon_Validation_Drop Down/Page_Amazon.com. Spend less. Smile more/inputnav-search-submit-button' is clicked on

27-01-2024T12:43:08 - [MESSAGE][PASSED] - Object: 'Object Repository/Amazon_Validation_Drop Down/Page_Amazon.com. Spend less. Smile more/inputnav-search-submit-button' is clicked on

27-01-2024T12:43:08 - [TEST_STEP][PASSED] - click(findTestObject("Object Repository/Amazon_Validation_Drop Down/Page_Amazon.com  Wings of Fire/span_Wings of Fire Boxset, Books 1-5 (Wings_2b90ff")): Object: 'Object Repository/Amazon_Validation_Drop Down/Page_Amazon.com  Wings of Fire/span_Wings of Fire Boxset, Books 1-5 (Wings_2b90ff' is clicked on

27-01-2024T12:43:33 - [MESSAGE][PASSED] - Object: 'Object Repository/Amazon_Validation_Drop Down/Page_Amazon.com  Wings of Fire/span_Wings of Fire Boxset, Books 1-5 (Wings_2b90ff' is clicked on

27-01-2024T12:43:33 - [TEST_STEP][PASSED] - closeBrowser(): Browser is closed

27-01-2024T12:43:35 - [MESSAGE][PASSED] - Browser is closed]]></system-out>
         <system-err><![CDATA[]]></system-err>
      </testcase>
      <system-out><![CDATA[27-01-2024T12:30:36 - [TEST_SUITE][FAILED] - Amazon_Test Suite: Test Cases/TC_Amazon_Validation/TC_Amazon_Add to Cart_004 FAILED.
Reason:
com.kms.katalon.core.exception.StepFailedException: Unable to select option by value 'search-alias=electronics-intl-ship' of object 'Object Repository/Amazon_Add to Cart_OR/Page_Amazon.com. Spend less. Smile more/select_All Departments        Arts  Crafts _135c92'  using regular expression
	at com.kms.katalon.core.webui.keyword.internal.WebUIKeywordMain.stepFailed(WebUIKeywordMain.groovy:64)
	at com.kms.katalon.core.webui.keyword.internal.WebUIKeywordMain.runKeyword(WebUIKeywordMain.groovy:26)
	at com.kms.katalon.core.webui.keyword.builtin.SelectOptionByValueKeyword.selectOptionByValue(SelectOptionByValueKeyword.groovy:99)
	at com.kms.katalon.core.webui.keyword.builtin.SelectOptionByValueKeyword.execute(SelectOptionByValueKeyword.groovy:71)
	at com.kms.katalon.core.keyword.internal.KeywordExecutor.executeKeywordForPlatform(KeywordExecutor.groovy:74)
	at com.kms.katalon.core.webui.keyword.WebUiBuiltInKeywords.selectOptionByValue(WebUiBuiltInKeywords.groovy:1207)
	at TC_Amazon_Add to Cart_004.run(TC_Amazon_Add to Cart_004:26)
	at com.kms.katalon.core.main.ScriptEngine.run(ScriptEngine.java:194)
	at com.kms.katalon.core.main.ScriptEngine.runScriptAsRawText(ScriptEngine.java:119)
	at com.kms.katalon.core.main.TestCaseExecutor.runScript(TestCaseExecutor.java:448)
	at com.kms.katalon.core.main.TestCaseExecutor.doExecute(TestCaseExecutor.java:439)
	at com.kms.katalon.core.main.TestCaseExecutor.processExecutionPhase(TestCaseExecutor.java:418)
	at com.kms.katalon.core.main.TestCaseExecutor.accessMainPhase(TestCaseExecutor.java:410)
	at com.kms.katalon.core.main.TestCaseExecutor.execute(TestCaseExecutor.java:285)
	at com.kms.katalon.core.common.CommonExecutor.accessTestCaseMainPhase(CommonExecutor.java:65)
	at com.kms.katalon.core.main.TestSuiteExecutor.accessTestSuiteMainPhase(TestSuiteExecutor.java:148)
	at com.kms.katalon.core.main.TestSuiteExecutor.execute(TestSuiteExecutor.java:106)
	at com.kms.katalon.core.main.TestCaseMain.startTestSuite(TestCaseMain.java:180)
	at TempTestSuite1706338823943.run(TempTestSuite1706338823943.groovy:36)
	at java.base/jdk.internal.reflect.NativeMethodAccessorImpl.invoke0(Native Method)
	at java.base/jdk.internal.reflect.NativeMethodAccessorImpl.invoke(NativeMethodAccessorImpl.java:77)
	at java.base/jdk.internal.reflect.DelegatingMethodAccessorImpl.invoke(DelegatingMethodAccessorImpl.java:43)
Caused by: com.kms.katalon.core.webui.exception.WebElementNotFoundException: Web element with id: 'Object Repository/Amazon_Add to Cart_OR/Page_Amazon.com. Spend less. Smile more/select_All Departments        Arts  Crafts _135c92' located by '//select[@id='searchDropdownBox']' not found
	at com.kms.katalon.core.webui.common.WebUiCommonHelper.findWebElement(WebUiCommonHelper.java:1379)
	at com.kms.katalon.core.webui.keyword.internal.WebUIAbstractKeyword.findWebElement(WebUIAbstractKeyword.groovy:27)
	at com.kms.katalon.core.webui.keyword.internal.WebUIAbstractKeyword.findWebElement(WebUIAbstractKeyword.groovy:26)
	at com.kms.katalon.core.webui.keyword.builtin.SelectOptionByValueKeyword$_selectOptionByValue_closure1.doCall(SelectOptionByValueKeyword.groovy:86)
	at com.kms.katalon.core.webui.keyword.builtin.SelectOptionByValueKeyword$_selectOptionByValue_closure1.call(SelectOptionByValueKeyword.groovy)
	at com.kms.katalon.core.webui.keyword.internal.WebUIKeywordMain.runKeyword(WebUIKeywordMain.groovy:20)
	... 20 more]]></system-out>
      <system-err><![CDATA[27-01-2024T12:30:36 - [TEST_SUITE][FAILED] - Amazon_Test Suite: Test Cases/TC_Amazon_Validation/TC_Amazon_Add to Cart_004 FAILED.
Reason:
com.kms.katalon.core.exception.StepFailedException: Unable to select option by value 'search-alias=electronics-intl-ship' of object 'Object Repository/Amazon_Add to Cart_OR/Page_Amazon.com. Spend less. Smile more/select_All Departments        Arts  Crafts _135c92'  using regular expression
	at com.kms.katalon.core.webui.keyword.internal.WebUIKeywordMain.stepFailed(WebUIKeywordMain.groovy:64)
	at com.kms.katalon.core.webui.keyword.internal.WebUIKeywordMain.runKeyword(WebUIKeywordMain.groovy:26)
	at com.kms.katalon.core.webui.keyword.builtin.SelectOptionByValueKeyword.selectOptionByValue(SelectOptionByValueKeyword.groovy:99)
	at com.kms.katalon.core.webui.keyword.builtin.SelectOptionByValueKeyword.execute(SelectOptionByValueKeyword.groovy:71)
	at com.kms.katalon.core.keyword.internal.KeywordExecutor.executeKeywordForPlatform(KeywordExecutor.groovy:74)
	at com.kms.katalon.core.webui.keyword.WebUiBuiltInKeywords.selectOptionByValue(WebUiBuiltInKeywords.groovy:1207)
	at TC_Amazon_Add to Cart_004.run(TC_Amazon_Add to Cart_004:26)
	at com.kms.katalon.core.main.ScriptEngine.run(ScriptEngine.java:194)
	at com.kms.katalon.core.main.ScriptEngine.runScriptAsRawText(ScriptEngine.java:119)
	at com.kms.katalon.core.main.TestCaseExecutor.runScript(TestCaseExecutor.java:448)
	at com.kms.katalon.core.main.TestCaseExecutor.doExecute(TestCaseExecutor.java:439)
	at com.kms.katalon.core.main.TestCaseExecutor.processExecutionPhase(TestCaseExecutor.java:418)
	at com.kms.katalon.core.main.TestCaseExecutor.accessMainPhase(TestCaseExecutor.java:410)
	at com.kms.katalon.core.main.TestCaseExecutor.execute(TestCaseExecutor.java:285)
	at com.kms.katalon.core.common.CommonExecutor.accessTestCaseMainPhase(CommonExecutor.java:65)
	at com.kms.katalon.core.main.TestSuiteExecutor.accessTestSuiteMainPhase(TestSuiteExecutor.java:148)
	at com.kms.katalon.core.main.TestSuiteExecutor.execute(TestSuiteExecutor.java:106)
	at com.kms.katalon.core.main.TestCaseMain.startTestSuite(TestCaseMain.java:180)
	at TempTestSuite1706338823943.run(TempTestSuite1706338823943.groovy:36)
	at java.base/jdk.internal.reflect.NativeMethodAccessorImpl.invoke0(Native Method)
	at java.base/jdk.internal.reflect.NativeMethodAccessorImpl.invoke(NativeMethodAccessorImpl.java:77)
	at java.base/jdk.internal.reflect.DelegatingMethodAccessorImpl.invoke(DelegatingMethodAccessorImpl.java:43)
Caused by: com.kms.katalon.core.webui.exception.WebElementNotFoundException: Web element with id: 'Object Repository/Amazon_Add to Cart_OR/Page_Amazon.com. Spend less. Smile more/select_All Departments        Arts  Crafts _135c92' located by '//select[@id='searchDropdownBox']' not found
	at com.kms.katalon.core.webui.common.WebUiCommonHelper.findWebElement(WebUiCommonHelper.java:1379)
	at com.kms.katalon.core.webui.keyword.internal.WebUIAbstractKeyword.findWebElement(WebUIAbstractKeyword.groovy:27)
	at com.kms.katalon.core.webui.keyword.internal.WebUIAbstractKeyword.findWebElement(WebUIAbstractKeyword.groovy:26)
	at com.kms.katalon.core.webui.keyword.builtin.SelectOptionByValueKeyword$_selectOptionByValue_closure1.doCall(SelectOptionByValueKeyword.groovy:86)
	at com.kms.katalon.core.webui.keyword.builtin.SelectOptionByValueKeyword$_selectOptionByValue_closure1.call(SelectOptionByValueKeyword.groovy)
	at com.kms.katalon.core.webui.keyword.internal.WebUIKeywordMain.runKeyword(WebUIKeywordMain.groovy:20)
	... 20 more]]></system-err>
   </testsuite>
</testsuites>
